2026-05-13 14:54:30,498 -  nornir.core -     INFO -        run() - Running task 'uptime' with args {} on 9 hosts
2026-05-13 15:25:30,447 -  nornir.core -     INFO -        run() - Running task 'uptime' with args {} on 9 hosts
2026-05-13 15:25:31,524 - nornir.core.task -    ERROR -      start() - Host 'cisco3': task 'uptime' failed with traceback:
Traceback (most recent call last):
  File "/home/rwu/VENV/py3_venv/lib/python3.11/site-packages/nornir/core/task.py", line 98, in start
    r = self.task(self, **self.params)
        ^^^^^^^^^^^^^^^^^^^^^^^^^^^^^^
  File "/home/rwu/KirkB_Nornir/class4/exercise1/exercise1b.py", line 74, in uptime
    uptime_sec = parse_uptime(uptime_output)
                 ^^^^^^^^^^^^^^^^^^^^^^^^^^^
  File "/home/rwu/KirkB_Nornir/class4/exercise1/exercise1b.py", line 52, in parse_uptime
    + (days * DAYS_SECONDS)
              ^^^^^^^^^^^^
NameError: name 'DAYS_SECONDS' is not defined

2026-05-13 15:25:31,699 - nornir.core.task -    ERROR -      start() - Host 'cisco4': task 'uptime' failed with traceback:
Traceback (most recent call last):
  File "/home/rwu/VENV/py3_venv/lib/python3.11/site-packages/nornir/core/task.py", line 98, in start
    r = self.task(self, **self.params)
        ^^^^^^^^^^^^^^^^^^^^^^^^^^^^^^
  File "/home/rwu/KirkB_Nornir/class4/exercise1/exercise1b.py", line 74, in uptime
    uptime_sec = parse_uptime(uptime_output)
                 ^^^^^^^^^^^^^^^^^^^^^^^^^^^
  File "/home/rwu/KirkB_Nornir/class4/exercise1/exercise1b.py", line 52, in parse_uptime
    + (days * DAYS_SECONDS)
              ^^^^^^^^^^^^
NameError: name 'DAYS_SECONDS' is not defined

2026-05-13 15:25:31,751 - nornir.core.task -    ERROR -      start() - Host 'arista2': task 'uptime' failed with traceback:
Traceback (most recent call last):
  File "/home/rwu/VENV/py3_venv/lib/python3.11/site-packages/nornir/core/task.py", line 98, in start
    r = self.task(self, **self.params)
        ^^^^^^^^^^^^^^^^^^^^^^^^^^^^^^
  File "/home/rwu/KirkB_Nornir/class4/exercise1/exercise1b.py", line 74, in uptime
    uptime_sec = parse_uptime(uptime_output)
                 ^^^^^^^^^^^^^^^^^^^^^^^^^^^
  File "/home/rwu/KirkB_Nornir/class4/exercise1/exercise1b.py", line 52, in parse_uptime
    + (days * DAYS_SECONDS)
              ^^^^^^^^^^^^
NameError: name 'DAYS_SECONDS' is not defined

2026-05-13 15:25:31,799 - nornir.core.task -    ERROR -      start() - Host 'arista4': task 'uptime' failed with traceback:
Traceback (most recent call last):
  File "/home/rwu/VENV/py3_venv/lib/python3.11/site-packages/nornir/core/task.py", line 98, in start
    r = self.task(self, **self.params)
        ^^^^^^^^^^^^^^^^^^^^^^^^^^^^^^
  File "/home/rwu/KirkB_Nornir/class4/exercise1/exercise1b.py", line 74, in uptime
    uptime_sec = parse_uptime(uptime_output)
                 ^^^^^^^^^^^^^^^^^^^^^^^^^^^
  File "/home/rwu/KirkB_Nornir/class4/exercise1/exercise1b.py", line 52, in parse_uptime
    + (days * DAYS_SECONDS)
              ^^^^^^^^^^^^
NameError: name 'DAYS_SECONDS' is not defined

2026-05-13 15:25:31,838 - nornir.core.task -    ERROR -      start() - Host 'arista3': task 'uptime' failed with traceback:
Traceback (most recent call last):
  File "/home/rwu/VENV/py3_venv/lib/python3.11/site-packages/nornir/core/task.py", line 98, in start
    r = self.task(self, **self.params)
        ^^^^^^^^^^^^^^^^^^^^^^^^^^^^^^
  File "/home/rwu/KirkB_Nornir/class4/exercise1/exercise1b.py", line 74, in uptime
    uptime_sec = parse_uptime(uptime_output)
                 ^^^^^^^^^^^^^^^^^^^^^^^^^^^
  File "/home/rwu/KirkB_Nornir/class4/exercise1/exercise1b.py", line 52, in parse_uptime
    + (days * DAYS_SECONDS)
              ^^^^^^^^^^^^
NameError: name 'DAYS_SECONDS' is not defined

2026-05-13 15:25:31,859 - nornir.core.task -    ERROR -      start() - Host 'arista1': task 'uptime' failed with traceback:
Traceback (most recent call last):
  File "/home/rwu/VENV/py3_venv/lib/python3.11/site-packages/nornir/core/task.py", line 98, in start
    r = self.task(self, **self.params)
        ^^^^^^^^^^^^^^^^^^^^^^^^^^^^^^
  File "/home/rwu/KirkB_Nornir/class4/exercise1/exercise1b.py", line 74, in uptime
    uptime_sec = parse_uptime(uptime_output)
                 ^^^^^^^^^^^^^^^^^^^^^^^^^^^
  File "/home/rwu/KirkB_Nornir/class4/exercise1/exercise1b.py", line 52, in parse_uptime
    + (days * DAYS_SECONDS)
              ^^^^^^^^^^^^
NameError: name 'DAYS_SECONDS' is not defined

2026-05-13 15:25:36,891 - nornir.core.task -    ERROR -      start() - Host 'nxos1': task 'uptime' failed with traceback:
Traceback (most recent call last):
  File "/home/rwu/VENV/py3_venv/lib/python3.11/site-packages/nornir/core/task.py", line 98, in start
    r = self.task(self, **self.params)
        ^^^^^^^^^^^^^^^^^^^^^^^^^^^^^^
  File "/home/rwu/KirkB_Nornir/class4/exercise1/exercise1b.py", line 74, in uptime
    uptime_sec = parse_uptime(uptime_output)
                 ^^^^^^^^^^^^^^^^^^^^^^^^^^^
  File "/home/rwu/KirkB_Nornir/class4/exercise1/exercise1b.py", line 52, in parse_uptime
    + (days * DAYS_SECONDS)
              ^^^^^^^^^^^^
NameError: name 'DAYS_SECONDS' is not defined

2026-05-13 15:25:38,256 - nornir.core.task -    ERROR -      start() - Host 'nxos2': task 'uptime' failed with traceback:
Traceback (most recent call last):
  File "/home/rwu/VENV/py3_venv/lib/python3.11/site-packages/nornir/core/task.py", line 98, in start
    r = self.task(self, **self.params)
        ^^^^^^^^^^^^^^^^^^^^^^^^^^^^^^
  File "/home/rwu/KirkB_Nornir/class4/exercise1/exercise1b.py", line 74, in uptime
    uptime_sec = parse_uptime(uptime_output)
                 ^^^^^^^^^^^^^^^^^^^^^^^^^^^
  File "/home/rwu/KirkB_Nornir/class4/exercise1/exercise1b.py", line 52, in parse_uptime
    + (days * DAYS_SECONDS)
              ^^^^^^^^^^^^
NameError: name 'DAYS_SECONDS' is not defined

2026-05-13 15:42:23,252 -  nornir.core -     INFO -        run() - Running task 'uptime' with args {} on 9 hosts
2026-05-13 15:42:24,546 - nornir.core.task -    ERROR -      start() - Host 'cisco3': task 'uptime' failed with traceback:
Traceback (most recent call last):
  File "/home/rwu/VENV/py3_venv/lib/python3.11/site-packages/nornir/core/task.py", line 98, in start
    r = self.task(self, **self.params)
        ^^^^^^^^^^^^^^^^^^^^^^^^^^^^^^
  File "/home/rwu/KirkB_Nornir/class4/exercise1/exercise1b.py", line 74, in uptime
    uptime_sec = parse_uptime(uptime_output)
                 ^^^^^^^^^^^^^^^^^^^^^^^^^^^
  File "/home/rwu/KirkB_Nornir/class4/exercise1/exercise1b.py", line 52, in parse_uptime
    + (days * DAYS_SECONDS)
              ^^^^^^^^^^^^
NameError: name 'DAYS_SECONDS' is not defined

2026-05-13 15:42:24,556 - nornir.core.task -    ERROR -      start() - Host 'cisco4': task 'uptime' failed with traceback:
Traceback (most recent call last):
  File "/home/rwu/VENV/py3_venv/lib/python3.11/site-packages/nornir/core/task.py", line 98, in start
    r = self.task(self, **self.params)
        ^^^^^^^^^^^^^^^^^^^^^^^^^^^^^^
  File "/home/rwu/KirkB_Nornir/class4/exercise1/exercise1b.py", line 74, in uptime
    uptime_sec = parse_uptime(uptime_output)
                 ^^^^^^^^^^^^^^^^^^^^^^^^^^^
  File "/home/rwu/KirkB_Nornir/class4/exercise1/exercise1b.py", line 52, in parse_uptime
    + (days * DAYS_SECONDS)
              ^^^^^^^^^^^^
NameError: name 'DAYS_SECONDS' is not defined

2026-05-13 15:42:24,652 - nornir.core.task -    ERROR -      start() - Host 'arista1': task 'uptime' failed with traceback:
Traceback (most recent call last):
  File "/home/rwu/VENV/py3_venv/lib/python3.11/site-packages/nornir/core/task.py", line 98, in start
    r = self.task(self, **self.params)
        ^^^^^^^^^^^^^^^^^^^^^^^^^^^^^^
  File "/home/rwu/KirkB_Nornir/class4/exercise1/exercise1b.py", line 74, in uptime
    uptime_sec = parse_uptime(uptime_output)
                 ^^^^^^^^^^^^^^^^^^^^^^^^^^^
  File "/home/rwu/KirkB_Nornir/class4/exercise1/exercise1b.py", line 52, in parse_uptime
    + (days * DAYS_SECONDS)
              ^^^^^^^^^^^^
NameError: name 'DAYS_SECONDS' is not defined

2026-05-13 15:42:24,758 - nornir.core.task -    ERROR -      start() - Host 'arista4': task 'uptime' failed with traceback:
Traceback (most recent call last):
  File "/home/rwu/VENV/py3_venv/lib/python3.11/site-packages/nornir/core/task.py", line 98, in start
    r = self.task(self, **self.params)
        ^^^^^^^^^^^^^^^^^^^^^^^^^^^^^^
  File "/home/rwu/KirkB_Nornir/class4/exercise1/exercise1b.py", line 74, in uptime
    uptime_sec = parse_uptime(uptime_output)
                 ^^^^^^^^^^^^^^^^^^^^^^^^^^^
  File "/home/rwu/KirkB_Nornir/class4/exercise1/exercise1b.py", line 52, in parse_uptime
    + (days * DAYS_SECONDS)
              ^^^^^^^^^^^^
NameError: name 'DAYS_SECONDS' is not defined

2026-05-13 15:42:24,768 - nornir.core.task -    ERROR -      start() - Host 'arista3': task 'uptime' failed with traceback:
Traceback (most recent call last):
  File "/home/rwu/VENV/py3_venv/lib/python3.11/site-packages/nornir/core/task.py", line 98, in start
    r = self.task(self, **self.params)
        ^^^^^^^^^^^^^^^^^^^^^^^^^^^^^^
  File "/home/rwu/KirkB_Nornir/class4/exercise1/exercise1b.py", line 74, in uptime
    uptime_sec = parse_uptime(uptime_output)
                 ^^^^^^^^^^^^^^^^^^^^^^^^^^^
  File "/home/rwu/KirkB_Nornir/class4/exercise1/exercise1b.py", line 52, in parse_uptime
    + (days * DAYS_SECONDS)
              ^^^^^^^^^^^^
NameError: name 'DAYS_SECONDS' is not defined

2026-05-13 15:42:24,774 - nornir.core.task -    ERROR -      start() - Host 'arista2': task 'uptime' failed with traceback:
Traceback (most recent call last):
  File "/home/rwu/VENV/py3_venv/lib/python3.11/site-packages/nornir/core/task.py", line 98, in start
    r = self.task(self, **self.params)
        ^^^^^^^^^^^^^^^^^^^^^^^^^^^^^^
  File "/home/rwu/KirkB_Nornir/class4/exercise1/exercise1b.py", line 74, in uptime
    uptime_sec = parse_uptime(uptime_output)
                 ^^^^^^^^^^^^^^^^^^^^^^^^^^^
  File "/home/rwu/KirkB_Nornir/class4/exercise1/exercise1b.py", line 52, in parse_uptime
    + (days * DAYS_SECONDS)
              ^^^^^^^^^^^^
NameError: name 'DAYS_SECONDS' is not defined

2026-05-13 15:42:30,124 - nornir.core.task -    ERROR -      start() - Host 'nxos1': task 'uptime' failed with traceback:
Traceback (most recent call last):
  File "/home/rwu/VENV/py3_venv/lib/python3.11/site-packages/nornir/core/task.py", line 98, in start
    r = self.task(self, **self.params)
        ^^^^^^^^^^^^^^^^^^^^^^^^^^^^^^
  File "/home/rwu/KirkB_Nornir/class4/exercise1/exercise1b.py", line 74, in uptime
    uptime_sec = parse_uptime(uptime_output)
                 ^^^^^^^^^^^^^^^^^^^^^^^^^^^
  File "/home/rwu/KirkB_Nornir/class4/exercise1/exercise1b.py", line 52, in parse_uptime
    + (days * DAYS_SECONDS)
              ^^^^^^^^^^^^
NameError: name 'DAYS_SECONDS' is not defined

2026-05-13 15:42:30,815 - nornir.core.task -    ERROR -      start() - Host 'nxos2': task 'uptime' failed with traceback:
Traceback (most recent call last):
  File "/home/rwu/VENV/py3_venv/lib/python3.11/site-packages/nornir/core/task.py", line 98, in start
    r = self.task(self, **self.params)
        ^^^^^^^^^^^^^^^^^^^^^^^^^^^^^^
  File "/home/rwu/KirkB_Nornir/class4/exercise1/exercise1b.py", line 74, in uptime
    uptime_sec = parse_uptime(uptime_output)
                 ^^^^^^^^^^^^^^^^^^^^^^^^^^^
  File "/home/rwu/KirkB_Nornir/class4/exercise1/exercise1b.py", line 52, in parse_uptime
    + (days * DAYS_SECONDS)
              ^^^^^^^^^^^^
NameError: name 'DAYS_SECONDS' is not defined

2026-05-13 15:44:57,015 -  nornir.core -     INFO -        run() - Running task 'uptime' with args {} on 9 hosts
2026-05-13 15:44:58,065 - nornir.core.task -    ERROR -      start() - Host 'cisco3': task 'uptime' failed with traceback:
Traceback (most recent call last):
  File "/home/rwu/VENV/py3_venv/lib/python3.11/site-packages/nornir/core/task.py", line 98, in start
    r = self.task(self, **self.params)
        ^^^^^^^^^^^^^^^^^^^^^^^^^^^^^^
  File "/home/rwu/KirkB_Nornir/class4/exercise1/exercise1b.py", line 74, in uptime
    uptime_sec = parse_uptime(uptime_output)
                 ^^^^^^^^^^^^^^^^^^^^^^^^^^^
  File "/home/rwu/KirkB_Nornir/class4/exercise1/exercise1b.py", line 52, in parse_uptime
    + (days * DAYS_SECONDS)
              ^^^^^^^^^^^^
NameError: name 'DAYS_SECONDS' is not defined

2026-05-13 15:44:58,278 - nornir.core.task -    ERROR -      start() - Host 'cisco4': task 'uptime' failed with traceback:
Traceback (most recent call last):
  File "/home/rwu/VENV/py3_venv/lib/python3.11/site-packages/nornir/core/task.py", line 98, in start
    r = self.task(self, **self.params)
        ^^^^^^^^^^^^^^^^^^^^^^^^^^^^^^
  File "/home/rwu/KirkB_Nornir/class4/exercise1/exercise1b.py", line 74, in uptime
    uptime_sec = parse_uptime(uptime_output)
                 ^^^^^^^^^^^^^^^^^^^^^^^^^^^
  File "/home/rwu/KirkB_Nornir/class4/exercise1/exercise1b.py", line 52, in parse_uptime
    + (days * DAYS_SECONDS)
              ^^^^^^^^^^^^
NameError: name 'DAYS_SECONDS' is not defined

2026-05-13 15:44:58,280 - nornir.core.task -    ERROR -      start() - Host 'arista1': task 'uptime' failed with traceback:
Traceback (most recent call last):
  File "/home/rwu/VENV/py3_venv/lib/python3.11/site-packages/nornir/core/task.py", line 98, in start
    r = self.task(self, **self.params)
        ^^^^^^^^^^^^^^^^^^^^^^^^^^^^^^
  File "/home/rwu/KirkB_Nornir/class4/exercise1/exercise1b.py", line 74, in uptime
    uptime_sec = parse_uptime(uptime_output)
                 ^^^^^^^^^^^^^^^^^^^^^^^^^^^
  File "/home/rwu/KirkB_Nornir/class4/exercise1/exercise1b.py", line 52, in parse_uptime
    + (days * DAYS_SECONDS)
              ^^^^^^^^^^^^
NameError: name 'DAYS_SECONDS' is not defined

2026-05-13 15:44:58,340 - nornir.core.task -    ERROR -      start() - Host 'arista4': task 'uptime' failed with traceback:
Traceback (most recent call last):
  File "/home/rwu/VENV/py3_venv/lib/python3.11/site-packages/nornir/core/task.py", line 98, in start
    r = self.task(self, **self.params)
        ^^^^^^^^^^^^^^^^^^^^^^^^^^^^^^
  File "/home/rwu/KirkB_Nornir/class4/exercise1/exercise1b.py", line 74, in uptime
    uptime_sec = parse_uptime(uptime_output)
                 ^^^^^^^^^^^^^^^^^^^^^^^^^^^
  File "/home/rwu/KirkB_Nornir/class4/exercise1/exercise1b.py", line 52, in parse_uptime
    + (days * DAYS_SECONDS)
              ^^^^^^^^^^^^
NameError: name 'DAYS_SECONDS' is not defined

2026-05-13 15:44:58,387 - nornir.core.task -    ERROR -      start() - Host 'arista2': task 'uptime' failed with traceback:
Traceback (most recent call last):
  File "/home/rwu/VENV/py3_venv/lib/python3.11/site-packages/nornir/core/task.py", line 98, in start
    r = self.task(self, **self.params)
        ^^^^^^^^^^^^^^^^^^^^^^^^^^^^^^
  File "/home/rwu/KirkB_Nornir/class4/exercise1/exercise1b.py", line 74, in uptime
    uptime_sec = parse_uptime(uptime_output)
                 ^^^^^^^^^^^^^^^^^^^^^^^^^^^
  File "/home/rwu/KirkB_Nornir/class4/exercise1/exercise1b.py", line 52, in parse_uptime
    + (days * DAYS_SECONDS)
              ^^^^^^^^^^^^
NameError: name 'DAYS_SECONDS' is not defined

2026-05-13 15:44:58,434 - nornir.core.task -    ERROR -      start() - Host 'arista3': task 'uptime' failed with traceback:
Traceback (most recent call last):
  File "/home/rwu/VENV/py3_venv/lib/python3.11/site-packages/nornir/core/task.py", line 98, in start
    r = self.task(self, **self.params)
        ^^^^^^^^^^^^^^^^^^^^^^^^^^^^^^
  File "/home/rwu/KirkB_Nornir/class4/exercise1/exercise1b.py", line 74, in uptime
    uptime_sec = parse_uptime(uptime_output)
                 ^^^^^^^^^^^^^^^^^^^^^^^^^^^
  File "/home/rwu/KirkB_Nornir/class4/exercise1/exercise1b.py", line 52, in parse_uptime
    + (days * DAYS_SECONDS)
              ^^^^^^^^^^^^
NameError: name 'DAYS_SECONDS' is not defined

2026-05-13 15:45:03,239 - nornir.core.task -    ERROR -      start() - Host 'nxos1': task 'uptime' failed with traceback:
Traceback (most recent call last):
  File "/home/rwu/VENV/py3_venv/lib/python3.11/site-packages/nornir/core/task.py", line 98, in start
    r = self.task(self, **self.params)
        ^^^^^^^^^^^^^^^^^^^^^^^^^^^^^^
  File "/home/rwu/KirkB_Nornir/class4/exercise1/exercise1b.py", line 74, in uptime
    uptime_sec = parse_uptime(uptime_output)
                 ^^^^^^^^^^^^^^^^^^^^^^^^^^^
  File "/home/rwu/KirkB_Nornir/class4/exercise1/exercise1b.py", line 52, in parse_uptime
    + (days * DAYS_SECONDS)
              ^^^^^^^^^^^^
NameError: name 'DAYS_SECONDS' is not defined

2026-05-13 15:45:05,927 - nornir.core.task -    ERROR -      start() - Host 'nxos2': task 'uptime' failed with traceback:
Traceback (most recent call last):
  File "/home/rwu/VENV/py3_venv/lib/python3.11/site-packages/nornir/core/task.py", line 98, in start
    r = self.task(self, **self.params)
        ^^^^^^^^^^^^^^^^^^^^^^^^^^^^^^
  File "/home/rwu/KirkB_Nornir/class4/exercise1/exercise1b.py", line 74, in uptime
    uptime_sec = parse_uptime(uptime_output)
                 ^^^^^^^^^^^^^^^^^^^^^^^^^^^
  File "/home/rwu/KirkB_Nornir/class4/exercise1/exercise1b.py", line 52, in parse_uptime
    + (days * DAYS_SECONDS)
              ^^^^^^^^^^^^
NameError: name 'DAYS_SECONDS' is not defined

2026-05-13 15:45:15,022 -  nornir.core -     INFO -        run() - Running task 'uptime' with args {} on 9 hosts
2026-05-13 15:45:33,918 -  nornir.core -     INFO -        run() - Running task 'uptime' with args {} on 9 hosts
2026-05-13 15:45:34,965 - nornir.core.task -    ERROR -      start() - Host 'cisco4': task 'uptime' failed with traceback:
Traceback (most recent call last):
  File "/home/rwu/VENV/py3_venv/lib/python3.11/site-packages/nornir/core/task.py", line 98, in start
    r = self.task(self, **self.params)
        ^^^^^^^^^^^^^^^^^^^^^^^^^^^^^^
  File "/home/rwu/KirkB_Nornir/class4/exercise1/exercise1b.py", line 74, in uptime
    uptime_sec = parse_uptime(uptime_output)
                 ^^^^^^^^^^^^^^^^^^^^^^^^^^^
  File "/home/rwu/KirkB_Nornir/class4/exercise1/exercise1b.py", line 52, in parse_uptime
    + (days * DAYS_SECONDS)
              ^^^^^^^^^^^^
NameError: name 'DAYS_SECONDS' is not defined

2026-05-13 15:45:35,187 - nornir.core.task -    ERROR -      start() - Host 'cisco3': task 'uptime' failed with traceback:
Traceback (most recent call last):
  File "/home/rwu/VENV/py3_venv/lib/python3.11/site-packages/nornir/core/task.py", line 98, in start
    r = self.task(self, **self.params)
        ^^^^^^^^^^^^^^^^^^^^^^^^^^^^^^
  File "/home/rwu/KirkB_Nornir/class4/exercise1/exercise1b.py", line 74, in uptime
    uptime_sec = parse_uptime(uptime_output)
                 ^^^^^^^^^^^^^^^^^^^^^^^^^^^
  File "/home/rwu/KirkB_Nornir/class4/exercise1/exercise1b.py", line 52, in parse_uptime
    + (days * DAYS_SECONDS)
              ^^^^^^^^^^^^
NameError: name 'DAYS_SECONDS' is not defined

2026-05-13 15:45:35,234 - nornir.core.task -    ERROR -      start() - Host 'arista3': task 'uptime' failed with traceback:
Traceback (most recent call last):
  File "/home/rwu/VENV/py3_venv/lib/python3.11/site-packages/nornir/core/task.py", line 98, in start
    r = self.task(self, **self.params)
        ^^^^^^^^^^^^^^^^^^^^^^^^^^^^^^
  File "/home/rwu/KirkB_Nornir/class4/exercise1/exercise1b.py", line 74, in uptime
    uptime_sec = parse_uptime(uptime_output)
                 ^^^^^^^^^^^^^^^^^^^^^^^^^^^
  File "/home/rwu/KirkB_Nornir/class4/exercise1/exercise1b.py", line 52, in parse_uptime
    + (days * DAYS_SECONDS)
              ^^^^^^^^^^^^
NameError: name 'DAYS_SECONDS' is not defined

2026-05-13 15:45:35,313 - nornir.core.task -    ERROR -      start() - Host 'arista1': task 'uptime' failed with traceback:
Traceback (most recent call last):
  File "/home/rwu/VENV/py3_venv/lib/python3.11/site-packages/nornir/core/task.py", line 98, in start
    r = self.task(self, **self.params)
        ^^^^^^^^^^^^^^^^^^^^^^^^^^^^^^
  File "/home/rwu/KirkB_Nornir/class4/exercise1/exercise1b.py", line 74, in uptime
    uptime_sec = parse_uptime(uptime_output)
                 ^^^^^^^^^^^^^^^^^^^^^^^^^^^
  File "/home/rwu/KirkB_Nornir/class4/exercise1/exercise1b.py", line 52, in parse_uptime
    + (days * DAYS_SECONDS)
              ^^^^^^^^^^^^
NameError: name 'DAYS_SECONDS' is not defined

2026-05-13 15:45:35,346 - nornir.core.task -    ERROR -      start() - Host 'arista4': task 'uptime' failed with traceback:
Traceback (most recent call last):
  File "/home/rwu/VENV/py3_venv/lib/python3.11/site-packages/nornir/core/task.py", line 98, in start
    r = self.task(self, **self.params)
        ^^^^^^^^^^^^^^^^^^^^^^^^^^^^^^
  File "/home/rwu/KirkB_Nornir/class4/exercise1/exercise1b.py", line 74, in uptime
    uptime_sec = parse_uptime(uptime_output)
                 ^^^^^^^^^^^^^^^^^^^^^^^^^^^
  File "/home/rwu/KirkB_Nornir/class4/exercise1/exercise1b.py", line 52, in parse_uptime
    + (days * DAYS_SECONDS)
              ^^^^^^^^^^^^
NameError: name 'DAYS_SECONDS' is not defined

2026-05-13 15:45:35,379 - nornir.core.task -    ERROR -      start() - Host 'arista2': task 'uptime' failed with traceback:
Traceback (most recent call last):
  File "/home/rwu/VENV/py3_venv/lib/python3.11/site-packages/nornir/core/task.py", line 98, in start
    r = self.task(self, **self.params)
        ^^^^^^^^^^^^^^^^^^^^^^^^^^^^^^
  File "/home/rwu/KirkB_Nornir/class4/exercise1/exercise1b.py", line 74, in uptime
    uptime_sec = parse_uptime(uptime_output)
                 ^^^^^^^^^^^^^^^^^^^^^^^^^^^
  File "/home/rwu/KirkB_Nornir/class4/exercise1/exercise1b.py", line 52, in parse_uptime
    + (days * DAYS_SECONDS)
              ^^^^^^^^^^^^
NameError: name 'DAYS_SECONDS' is not defined

2026-05-13 15:45:40,029 - nornir.core.task -    ERROR -      start() - Host 'nxos1': task 'uptime' failed with traceback:
Traceback (most recent call last):
  File "/home/rwu/VENV/py3_venv/lib/python3.11/site-packages/nornir/core/task.py", line 98, in start
    r = self.task(self, **self.params)
        ^^^^^^^^^^^^^^^^^^^^^^^^^^^^^^
  File "/home/rwu/KirkB_Nornir/class4/exercise1/exercise1b.py", line 74, in uptime
    uptime_sec = parse_uptime(uptime_output)
                 ^^^^^^^^^^^^^^^^^^^^^^^^^^^
  File "/home/rwu/KirkB_Nornir/class4/exercise1/exercise1b.py", line 52, in parse_uptime
    + (days * DAYS_SECONDS)
              ^^^^^^^^^^^^
NameError: name 'DAYS_SECONDS' is not defined

2026-05-13 15:45:42,149 - nornir.core.task -    ERROR -      start() - Host 'nxos2': task 'uptime' failed with traceback:
Traceback (most recent call last):
  File "/home/rwu/VENV/py3_venv/lib/python3.11/site-packages/nornir/core/task.py", line 98, in start
    r = self.task(self, **self.params)
        ^^^^^^^^^^^^^^^^^^^^^^^^^^^^^^
  File "/home/rwu/KirkB_Nornir/class4/exercise1/exercise1b.py", line 74, in uptime
    uptime_sec = parse_uptime(uptime_output)
                 ^^^^^^^^^^^^^^^^^^^^^^^^^^^
  File "/home/rwu/KirkB_Nornir/class4/exercise1/exercise1b.py", line 52, in parse_uptime
    + (days * DAYS_SECONDS)
              ^^^^^^^^^^^^
NameError: name 'DAYS_SECONDS' is not defined

